[2022-01-07T14:21:52.414] [ERROR] DataBase - {
  r: 'mongodb',
  msg: 'mongodb_connection_error',
  body: Error: queryTxt ESERVFAIL cluster0.evrtj.mongodb.net
      at QueryReqWrap.onresolve [as oncomplete] (dns.js:206:19) {
    errno: undefined,
    code: 'ESERVFAIL',
    syscall: 'queryTxt',
    hostname: 'cluster0.evrtj.mongodb.net'
  }
}
[2022-01-07T14:26:07.741] [ERROR] DataBase - {
  r: 'mongodb',
  msg: 'mongodb_connection_error',
  body: Error: querySrv ESERVFAIL _mongodb._tcp.cluster0.evrtj.mongodb.net
      at QueryReqWrap.onresolve [as oncomplete] (dns.js:206:19) {
    errno: undefined,
    code: 'ESERVFAIL',
    syscall: 'querySrv',
    hostname: '_mongodb._tcp.cluster0.evrtj.mongodb.net'
  }
}
[2022-01-07T14:27:52.118] [ERROR] DataBase - {
  r: 'mongodb',
  msg: 'mongodb_connection_error',
  body: Error: queryTxt ESERVFAIL cluster0.evrtj.mongodb.net
      at QueryReqWrap.onresolve [as oncomplete] (dns.js:206:19) {
    errno: undefined,
    code: 'ESERVFAIL',
    syscall: 'queryTxt',
    hostname: 'cluster0.evrtj.mongodb.net'
  }
}
[2022-01-07T14:35:59.842] [INFO] DataBase - {
  r: 'mongodb',
  msg: 'Database_successfully_connected',
  body: 'success'
}
[2022-01-07T17:24:19.806] [INFO] DataBase - {
  r: 'mongodb',
  msg: 'Database_successfully_connected',
  body: 'success'
}
[2022-01-07T17:26:40.650] [INFO] DataBase - {
  r: 'mongodb',
  msg: 'Database_successfully_connected',
  body: 'success'
}
[2022-01-07T17:28:12.563] [INFO] DataBase - {
  r: 'mongodb',
  msg: 'Database_successfully_connected',
  body: 'success'
}
[2022-01-07T17:31:41.805] [INFO] DataBase - {
  r: 'mongodb',
  msg: 'Database_successfully_connected',
  body: 'success'
}
[2022-01-07T17:35:44.430] [INFO] DataBase - {
  r: 'mongodb',
  msg: 'Database_successfully_connected',
  body: 'success'
}
[2022-01-07T17:36:50.247] [INFO] DataBase - {
  r: 'mongodb',
  msg: 'Database_successfully_connected',
  body: 'success'
}
[2022-01-07T17:38:12.979] [INFO] DataBase - {
  r: 'mongodb',
  msg: 'Database_successfully_connected',
  body: 'success'
}
[2022-01-07T17:38:50.991] [INFO] DataBase - {
  r: 'mongodb',
  msg: 'Database_successfully_connected',
  body: 'success'
}
[2022-01-07T17:51:13.665] [INFO] DataBase - {
  r: 'mongodb',
  msg: 'Database_successfully_connected',
  body: 'success'
}
[2022-01-07T18:26:35.699] [INFO] DataBase - {
  r: 'mongodb',
  msg: 'Database_successfully_connected',
  body: 'success'
}
[2022-01-07T18:34:09.582] [INFO] DataBase - {
  r: 'mongodb',
  msg: 'Database_successfully_connected',
  body: 'success'
}
[2022-01-07T18:35:43.156] [INFO] DataBase - {
  r: 'mongodb',
  msg: 'Database_successfully_connected',
  body: 'success'
}
[2022-01-07T18:36:28.697] [INFO] DataBase - {
  r: 'mongodb',
  msg: 'Database_successfully_connected',
  body: 'success'
}
[2022-01-07T18:37:53.524] [INFO] DataBase - {
  r: 'mongodb',
  msg: 'Database_successfully_connected',
  body: 'success'
}
[2022-01-07T18:39:45.907] [INFO] DataBase - {
  r: 'mongodb',
  msg: 'Database_successfully_connected',
  body: 'success'
}
[2022-01-07T18:40:18.656] [INFO] DataBase - {
  r: 'mongodb',
  msg: 'Database_successfully_connected',
  body: 'success'
}
[2022-01-07T18:41:28.955] [INFO] DataBase - {
  r: 'mongodb',
  msg: 'Database_successfully_connected',
  body: 'success'
}
[2022-01-07T18:41:46.970] [INFO] DataBase - {
  r: 'mongodb',
  msg: 'Database_successfully_connected',
  body: 'success'
}
[2022-01-07T18:42:23.569] [INFO] DataBase - {
  r: 'mongodb',
  msg: 'Database_successfully_connected',
  body: 'success'
}
[2022-01-07T18:43:14.184] [INFO] DataBase - {
  r: 'mongodb',
  msg: 'Database_successfully_connected',
  body: 'success'
}
[2022-01-07T18:50:56.344] [INFO] DataBase - {
  r: 'mongodb',
  msg: 'Database_successfully_connected',
  body: 'success'
}
[2022-01-07T18:52:06.126] [INFO] DataBase - {
  r: 'mongodb',
  msg: 'Database_successfully_connected',
  body: 'success'
}
[2022-01-07T18:54:10.904] [INFO] DataBase - {
  r: 'mongodb',
  msg: 'Database_successfully_connected',
  body: 'success'
}
[2022-01-07T18:54:58.798] [INFO] DataBase - {
  r: 'mongodb',
  msg: 'Database_successfully_connected',
  body: 'success'
}
[2022-01-07T18:55:58.640] [INFO] DataBase - {
  r: 'mongodb',
  msg: 'Database_successfully_connected',
  body: 'success'
}
[2022-01-07T18:56:47.327] [INFO] DataBase - {
  r: 'mongodb',
  msg: 'Database_successfully_connected',
  body: 'success'
}
[2022-01-07T19:01:44.016] [INFO] DataBase - {
  r: 'mongodb',
  msg: 'Database_successfully_connected',
  body: 'success'
}
[2022-01-07T19:03:41.072] [INFO] DataBase - {
  r: 'mongodb',
  msg: 'Database_successfully_connected',
  body: 'success'
}
[2022-01-07T19:04:37.705] [INFO] DataBase - {
  r: 'mongodb',
  msg: 'Database_successfully_connected',
  body: 'success'
}
[2022-01-07T19:06:47.636] [INFO] DataBase - {
  r: 'mongodb',
  msg: 'Database_successfully_connected',
  body: 'success'
}
[2022-01-07T19:13:10.700] [INFO] DataBase - {
  r: 'mongodb',
  msg: 'Database_successfully_connected',
  body: 'success'
}
[2022-01-07T19:15:35.873] [INFO] DataBase - {
  r: 'mongodb',
  msg: 'Database_successfully_connected',
  body: 'success'
}
[2022-01-07T19:18:09.029] [INFO] DataBase - {
  r: 'mongodb',
  msg: 'Database_successfully_connected',
  body: 'success'
}
[2022-01-07T19:18:54.380] [INFO] DataBase - {
  r: 'mongodb',
  msg: 'Database_successfully_connected',
  body: 'success'
}
[2022-01-07T19:23:16.604] [INFO] DataBase - {
  r: 'mongodb',
  msg: 'Database_successfully_connected',
  body: 'success'
}
[2022-01-07T19:23:46.262] [INFO] DataBase - {
  r: 'mongodb',
  msg: 'Database_successfully_connected',
  body: 'success'
}
